// Rank by Unit
C2: 176055 posts
B2: 22806 posts
C3: 18301 posts
B3: 6423 posts
C4: 4236 posts
B1: 3311 posts
C5: 2638 posts
D3: 2467 posts
D4: 1924 posts
C1: 1595 posts
B4: 1069 posts
D5: 786 posts
A3: 497 posts
A2: 479 posts
A1: 262 posts
A4: 133 posts
// Rank by Row
C-Row: 202825 posts
B-Row: 33609 posts
A-Row: 6758 posts
D-Row: 5177 posts
// Rank by Column
Column 2: 199340 posts
Column 3: 27688 posts
Column 1: 10555 posts
Column 4: 7362 posts
Column 5: 3424 posts
Time: 1.9s

real    0m2.083s
user    0m13.545s
sys     0m1.657s
